<?xml version="1.0" encoding="UTF-8"?>
<!-- Generated by org.testng.reporters.JUnitXMLReporter -->
<testsuite ignored="0" hostname="Sanjeve" failures="0" tests="3" name="Test" time="4.259" errors="0" timestamp="2024-09-18T09:00:13 IST">
  <testcase classname="test.Swag_wrngcred1" name="testWrongCredentials" time="0.642"/>
  <testcase classname="test.Correctcred" name="testCorrectCredentials" time="0.505"/>
  <testcase classname="test.Logout$Checkout" name="logout" time="0.741"/>
</testsuite> <!-- Test -->
